This is pdfTeX, Version 3.141592653-2.6-1.40.25 (TeX Live 2023/Homebrew) (preloaded format=pdflatex 2023.3.21)  4 JUN 2023 21:21
entering extended mode
 restricted \write18 enabled.
 %&-line parsing enabled.
**refman.tex
(./refman.tex
LaTeX2e <2022-11-01> patch level 1
L3 programming layer <2023-02-22>
(/opt/homebrew/Cellar/texlive/20230313/share/texmf-dist/tex/latex/base/book.cls
Document Class: book 2022/07/02 v1.4n Standard LaTeX document class

(/opt/homebrew/Cellar/texlive/20230313/share/texmf-dist/tex/latex/base/bk10.clo
File: bk10.clo 2022/07/02 v1.4n Standard LaTeX file (size option)
)
\c@part=\count185
\c@chapter=\count186
\c@section=\count187
\c@subsection=\count188
\c@subsubsection=\count189
\c@paragraph=\count190
\c@subparagraph=\count191
\c@figure=\count192
\c@table=\count193
\abovecaptionskip=\skip48
\belowcaptionskip=\skip49
\bibindent=\dimen140
)
(/opt/homebrew/Cellar/texlive/20230313/share/texmf-dist/tex/latex/base/ifthen.s
ty
Package: ifthen 2022/04/13 v1.1d Standard LaTeX ifthen package (DPC)
)
(/opt/homebrew/Cellar/texlive/20230313/share/texmf-dist/tex/latex/tools/array.s
ty
Rollback for package 'array' requested -> date 2016-10-06.
         Best approximation is the release introduced on 2016-10-06.

(/opt/homebrew/Cellar/texlive/20230313/share/texmf-dist/tex/latex/tools/array-2
016-10-06.sty
Package: array 2016/10/06 v2.4d Tabular extension package (FMi)
\col@sep=\dimen141
\extrarowheight=\dimen142
\NC@list=\toks16
\extratabsurround=\skip50
\backup@length=\skip51
))
(/opt/homebrew/Cellar/texlive/20230313/share/texmf-dist/tex/generic/infwarerr/i
nfwarerr.sty
package info suppressed
) (./doxygen.sty
Package: doxygen 

(/opt/homebrew/Cellar/texlive/20230313/share/texmf-dist/tex/latex/base/alltt.st
y
Package: alltt 2021/01/29 v2.0g defines alltt environment
)
(/opt/homebrew/Cellar/texlive/20230313/share/texmf-dist/tex/latex/tools/calc.st
y
Package: calc 2017/05/25 v4.3 Infix arithmetic (KKT,FJ)
\calc@Acount=\count194
\calc@Bcount=\count195
\calc@Adimen=\dimen143
\calc@Bdimen=\dimen144
\calc@Askip=\skip52
\calc@Bskip=\skip53
LaTeX Info: Redefining \setlength on input line 80.
LaTeX Info: Redefining \addtolength on input line 81.
\calc@Ccount=\count196
\calc@Cskip=\skip54
)
(/opt/homebrew/Cellar/texlive/20230313/share/texmf-dist/tex/latex/float/float.s
ty
Package: float 2001/11/08 v1.3d Float enhancements (AL)
\c@float@type=\count197
\float@exts=\toks17
\float@box=\box51
\@float@everytoks=\toks18
\@floatcapt=\box52
)
(/opt/homebrew/Cellar/texlive/20230313/share/texmf-dist/tex/latex/tools/verbati
m.sty
Package: verbatim 2022-07-02 v1.5u LaTeX2e package for verbatim enhancements
\every@verbatim=\toks19
\verbatim@line=\toks20
\verbatim@in@stream=\read2
)
(/opt/homebrew/Cellar/texlive/20230313/share/texmf-dist/tex/latex/xcolor/xcolor
.sty
Package: xcolor 2022/06/12 v2.14 LaTeX color extensions (UK)

(/opt/homebrew/Cellar/texlive/20230313/share/texmf-dist/tex/latex/graphics-cfg/
color.cfg
File: color.cfg 2016/01/02 v1.6 sample color configuration
)
Package xcolor Info: Driver file: pdftex.def on input line 227.

(/opt/homebrew/Cellar/texlive/20230313/share/texmf-dist/tex/latex/graphics-def/
pdftex.def
File: pdftex.def 2022/09/22 v1.2b Graphics/color driver for pdftex
)
(/opt/homebrew/Cellar/texlive/20230313/share/texmf-dist/tex/latex/colortbl/colo
rtbl.sty
Package: colortbl 2022/06/20 v1.0f Color table columns (DPC)
\everycr=\toks21
\minrowclearance=\skip55
\rownum=\count198
)
(/opt/homebrew/Cellar/texlive/20230313/share/texmf-dist/tex/latex/graphics/math
color.ltx)
Package xcolor Info: Model `cmy' substituted by `cmy0' on input line 1353.
Package xcolor Info: Model `hsb' substituted by `rgb' on input line 1357.
Package xcolor Info: Model `RGB' extended on input line 1369.
Package xcolor Info: Model `HTML' substituted by `rgb' on input line 1371.
Package xcolor Info: Model `Hsb' substituted by `hsb' on input line 1372.
Package xcolor Info: Model `tHsb' substituted by `hsb' on input line 1373.
Package xcolor Info: Model `HSB' substituted by `hsb' on input line 1374.
Package xcolor Info: Model `Gray' substituted by `gray' on input line 1375.
Package xcolor Info: Model `wave' substituted by `hsb' on input line 1376.
) (./longtable_doxygen.sty
Package: longtable_doxygen 2014/10/28 v4.11 Multi-page Table package (DPC) - fr
ozen version for doxygen
\LTleft=\skip56
\LTright=\skip57
\LTpre=\skip58
\LTpost=\skip59
\LTchunksize=\count199
\LTcapwidth=\dimen145
\LT@head=\box53
\LT@firsthead=\box54
\LT@foot=\box55
\LT@lastfoot=\box56
\LT@cols=\count266
\LT@rows=\count267
\c@LT@tables=\count268
\c@LT@chunks=\count269
\LT@p@ftn=\toks22
) (./tabu_doxygen.sty
Package: tabu_doxygen 2011/02/26 v2.8 - flexible LaTeX tabulars (FC), frozen ve
rsion for doxygen

(/opt/homebrew/Cellar/texlive/20230313/share/texmf-dist/tex/latex/varwidth/varw
idth.sty
Package: varwidth 2009/03/30 ver 0.92;  Variable-width minipages
\@vwid@box=\box57
\sift@deathcycles=\count270
\@vwid@loff=\dimen146
\@vwid@roff=\dimen147
)
\c@taburow=\count271
\tabu@nbcols=\count272
\tabu@cnt=\count273
\tabu@Xcol=\count274
\tabu@alloc=\count275
\tabu@nested=\count276
\tabu@target=\dimen148
\tabu@spreadtarget=\dimen149
\tabu@naturalX=\dimen150
\tabucolX=\dimen151
\tabu@Xsum=\dimen152
\extrarowdepth=\dimen153
\abovetabulinesep=\dimen154
\belowtabulinesep=\dimen155
\tabustrutrule=\dimen156
\tabu@thebody=\toks23
\tabu@footnotes=\toks24
\tabu@box=\box58
\tabu@arstrutbox=\box59
\tabu@hleads=\box60
\tabu@vleads=\box61
\tabu@cellskip=\skip60
)
(/opt/homebrew/Cellar/texlive/20230313/share/texmf-dist/tex/latex/fancyvrb/fanc
yvrb.sty
Package: fancyvrb 2023/01/19 4.5a verbatim text (tvz,hv)

(/opt/homebrew/Cellar/texlive/20230313/share/texmf-dist/tex/latex/graphics/keyv
al.sty
Package: keyval 2022/05/29 v1.15 key=value parser (DPC)
\KV@toks@=\toks25
)
\FV@CodeLineNo=\count277
\FV@InFile=\read3
\FV@TabBox=\box62
\c@FancyVerbLine=\count278
\FV@StepNumber=\count279
\FV@OutFile=\write3
)
(/opt/homebrew/Cellar/texlive/20230313/share/texmf-dist/tex/latex/tools/tabular
x.sty
Package: tabularx 2020/01/15 v2.11c `tabularx' package (DPC)
\TX@col@width=\dimen157
\TX@old@table=\dimen158
\TX@old@col=\dimen159
\TX@target=\dimen160
\TX@delta=\dimen161
\TX@cols=\count280
\TX@ftn=\toks26
)
(/opt/homebrew/Cellar/texlive/20230313/share/texmf-dist/tex/latex/tools/multico
l.sty
Package: multicol 2021/11/30 v1.9d multicolumn formatting (FMi)
\c@tracingmulticols=\count281
\mult@box=\box63
\multicol@leftmargin=\dimen162
\c@unbalance=\count282
\c@collectmore=\count283
\doublecol@number=\count284
\multicoltolerance=\count285
\multicolpretolerance=\count286
\full@width=\dimen163
\page@free=\dimen164
\premulticols=\dimen165
\postmulticols=\dimen166
\multicolsep=\skip61
\multicolbaselineskip=\skip62
\partial@page=\box64
\last@line=\box65
\maxbalancingoverflow=\dimen167
\mult@rightbox=\box66
\mult@grightbox=\box67
\mult@firstbox=\box68
\mult@gfirstbox=\box69
\@tempa=\box70
\@tempa=\box71
\@tempa=\box72
\@tempa=\box73
\@tempa=\box74
\@tempa=\box75
\@tempa=\box76
\@tempa=\box77
\@tempa=\box78
\@tempa=\box79
\@tempa=\box80
\@tempa=\box81
\@tempa=\box82
\@tempa=\box83
\@tempa=\box84
\@tempa=\box85
\@tempa=\box86
\@tempa=\box87
\@tempa=\box88
\@tempa=\box89
\@tempa=\box90
\@tempa=\box91
\@tempa=\box92
\@tempa=\box93
\@tempa=\box94
\@tempa=\box95
\@tempa=\box96
\@tempa=\box97
\@tempa=\box98
\@tempa=\box99
\@tempa=\box100
\@tempa=\box101
\@tempa=\box102
\@tempa=\box103
\@tempa=\box104
\@tempa=\box105
\c@minrows=\count287
\c@columnbadness=\count288
\c@finalcolumnbadness=\count289
\last@try=\dimen168
\multicolovershoot=\dimen169
\multicolundershoot=\dimen170
\mult@nat@firstbox=\box106
\colbreak@box=\box107
\mc@col@check@num=\count290
)
(/opt/homebrew/Cellar/texlive/20230313/share/texmf-dist/tex/latex/multirow/mult
irow.sty
Package: multirow 2021/03/15 v2.8 Span multiple rows of a table
\multirow@colwidth=\skip63
\multirow@cntb=\count291
\multirow@dima=\skip64
\bigstrutjot=\dimen171
)
(/opt/homebrew/Cellar/texlive/20230313/share/texmf-dist/tex/latex/hanging/hangi
ng.sty
Package: hanging 2009/09/02 v1.2b hanging paragraphs and punctuation
\h@ngcommawd=\skip65
\h@ngfstopwd=\skip66
\h@ngquotewd=\skip67
\h@ngdquotewd=\skip68
\h@ngquerywd=\skip69
\h@ngexclwd=\skip70
\h@ngcolonwd=\skip71
\h@ngscolonwd=\skip72
)
(/opt/homebrew/Cellar/texlive/20230313/share/texmf-dist/tex/generic/iftex/ifpdf
.sty
Package: ifpdf 2019/10/25 v3.4 ifpdf legacy package. Use iftex instead.

(/opt/homebrew/Cellar/texlive/20230313/share/texmf-dist/tex/generic/iftex/iftex
.sty
Package: iftex 2022/02/03 v1.0f TeX engine tests
))
(/opt/homebrew/Cellar/texlive/20230313/share/texmf-dist/tex/latex/adjustbox/adj
ustbox.sty
Package: adjustbox 2022/10/17 v1.3a Adjusting TeX boxes (trim, clip, ...)

(/opt/homebrew/Cellar/texlive/20230313/share/texmf-dist/tex/latex/xkeyval/xkeyv
al.sty
Package: xkeyval 2022/06/16 v2.9 package option processing (HA)

(/opt/homebrew/Cellar/texlive/20230313/share/texmf-dist/tex/generic/xkeyval/xke
yval.tex
(/opt/homebrew/Cellar/texlive/20230313/share/texmf-dist/tex/generic/xkeyval/xkv
utils.tex
\XKV@toks=\toks27
\XKV@tempa@toks=\toks28
)
\XKV@depth=\count292
File: xkeyval.tex 2014/12/03 v2.7a key=value parser (HA)
))
(/opt/homebrew/Cellar/texlive/20230313/share/texmf-dist/tex/latex/adjustbox/adj
calc.sty
Package: adjcalc 2012/05/16 v1.1 Provides advanced setlength with multiple back
-ends (calc, etex, pgfmath)
)
(/opt/homebrew/Cellar/texlive/20230313/share/texmf-dist/tex/latex/adjustbox/tri
mclip.sty
Package: trimclip 2020/08/19 v1.2 Trim and clip general TeX material

(/opt/homebrew/Cellar/texlive/20230313/share/texmf-dist/tex/latex/graphics/grap
hicx.sty
Package: graphicx 2021/09/16 v1.2d Enhanced LaTeX Graphics (DPC,SPQR)

(/opt/homebrew/Cellar/texlive/20230313/share/texmf-dist/tex/latex/graphics/grap
hics.sty
Package: graphics 2022/03/10 v1.4e Standard LaTeX Graphics (DPC,SPQR)

(/opt/homebrew/Cellar/texlive/20230313/share/texmf-dist/tex/latex/graphics/trig
.sty
Package: trig 2021/08/11 v1.11 sin cos tan (DPC)
)
(/opt/homebrew/Cellar/texlive/20230313/share/texmf-dist/tex/latex/graphics-cfg/
graphics.cfg
File: graphics.cfg 2016/06/04 v1.11 sample graphics configuration
)
Package graphics Info: Driver file: pdftex.def on input line 107.
)
\Gin@req@height=\dimen172
\Gin@req@width=\dimen173
)
(/opt/homebrew/Cellar/texlive/20230313/share/texmf-dist/tex/latex/collectbox/co
llectbox.sty
Package: collectbox 2022/10/17 v0.4c Collect macro arguments as boxes
\collectedbox=\box108
)
\tc@llx=\dimen174
\tc@lly=\dimen175
\tc@urx=\dimen176
\tc@ury=\dimen177
Package trimclip Info: Using driver 'tc-pdftex.def'.

(/opt/homebrew/Cellar/texlive/20230313/share/texmf-dist/tex/latex/adjustbox/tc-
pdftex.def
File: tc-pdftex.def 2019/01/04 v2.2 Clipping driver for pdftex
))
\adjbox@Width=\dimen178
\adjbox@Height=\dimen179
\adjbox@Depth=\dimen180
\adjbox@Totalheight=\dimen181
\adjbox@pwidth=\dimen182
\adjbox@pheight=\dimen183
\adjbox@pdepth=\dimen184
\adjbox@ptotalheight=\dimen185

(/opt/homebrew/Cellar/texlive/20230313/share/texmf-dist/tex/latex/ifoddpage/ifo
ddpage.sty
Package: ifoddpage 2022/10/18 v1.2 Conditionals for odd/even page detection
\c@checkoddpage=\count293
))
(/opt/homebrew/Cellar/texlive/20230313/share/texmf-dist/tex/latex/amsfonts/amss
ymb.sty
Package: amssymb 2013/01/14 v3.01 AMS font symbols

(/opt/homebrew/Cellar/texlive/20230313/share/texmf-dist/tex/latex/amsfonts/amsf
onts.sty
Package: amsfonts 2013/01/14 v3.01 Basic AMSFonts support
\@emptytoks=\toks29
\symAMSa=\mathgroup4
\symAMSb=\mathgroup5
LaTeX Font Info:    Redeclaring math symbol \hbar on input line 98.
LaTeX Font Info:    Overwriting math alphabet `\mathfrak' in version `bold'
(Font)                  U/euf/m/n --> U/euf/b/n on input line 106.
))
(/opt/homebrew/Cellar/texlive/20230313/share/texmf-dist/tex/latex/stackengine/s
tackengine.sty
Package: stackengine 2021/07/22 v4.11\ Stacking text and objects in convenient 
ways

(/opt/homebrew/Cellar/texlive/20230313/share/texmf-dist/tex/latex/etoolbox/etoo
lbox.sty
Package: etoolbox 2020/10/05 v2.5k e-TeX tools for LaTeX (JAW)
\etb@tempcnta=\count294
)
(/opt/homebrew/Cellar/texlive/20230313/share/texmf-dist/tex/generic/listofitems
/listofitems.sty
(/opt/homebrew/Cellar/texlive/20230313/share/texmf-dist/tex/generic/listofitems
/listofitems.tex
\loi_cnt_foreach_nest=\count295
\loi_nestcnt=\count296
)
Package: listofitems 2019/08/21 v1.63 Grab items in lists using user-specified 
sep char (CT)
)
\c@@stackindex=\count297
\@boxshift=\skip73
\stack@tmplength=\skip74
\temp@stkl=\skip75
\@stackedboxwidth=\skip76
\@addedbox=\box109
\@anchorbox=\box110
\@insetbox=\box111
\se@backgroundbox=\box112
\stackedbox=\box113
\@centerbox=\box114
\c@ROWcellindex@=\count298
)
(/opt/homebrew/Cellar/texlive/20230313/share/texmf-dist/tex/latex/enumitem/enum
item.sty
Package: enumitem 2019/06/20 v3.9 Customized lists
\labelindent=\skip77
\enit@outerparindent=\dimen186
\enit@toks=\toks30
\enit@inbox=\box115
\enit@count@id=\count299
\enitdp@description=\count300
)
(/opt/homebrew/Cellar/texlive/20230313/share/texmf-dist/tex/generic/alphalph/al
phalph.sty
Package: alphalph 2019/12/09 v2.6 Convert numbers to letters (HO)

(/opt/homebrew/Cellar/texlive/20230313/share/texmf-dist/tex/generic/intcalc/int
calc.sty
Package: intcalc 2019/12/15 v1.3 Expandable calculations with integers (HO)
))
(/opt/homebrew/Cellar/texlive/20230313/share/texmf-dist/tex/generic/ulem/ulem.s
ty
\UL@box=\box116
\UL@hyphenbox=\box117
\UL@skip=\skip78
\UL@hook=\toks31
\UL@height=\dimen187
\UL@pe=\count301
\UL@pixel=\dimen188
\ULC@box=\box118
Package: ulem 2019/11/18
\ULdepth=\dimen189
)
\xrefbox=\box119
\xreflength=\skip79
\CodeWidthChar=\skip80
\CodeHeightChar=\skip81
\DoxyCodeWidth=\skip82
\c@DoxyEnumeratei=\count302
\c@DoxyEnumerateii=\count303
\c@DoxyEnumerateiii=\count304
\c@DoxyEnumerateiv=\count305
\c@DoxyEnumeratev=\count306
\c@DoxyEnumeratevi=\count307
\c@DoxyEnumeratevii=\count308
\c@DoxyEnumerateviii=\count309
\c@DoxyEnumerateix=\count310
\c@DoxyEnumeratex=\count311
\c@DoxyEnumeratexi=\count312
\c@DoxyEnumeratexii=\count313
\enitdp@DoxyEnumerate=\count314
\enitdp@DoxyItemize=\count315
\c@subsubsubsection=\count316
\c@subsubsubsubsection=\count317
\c@subsubsubsubsubsection=\count318
\c@subsubsubsubsubsubsection=\count319
)
(/opt/homebrew/Cellar/texlive/20230313/share/texmf-dist/tex/latex/base/inputenc
.sty
Package: inputenc 2021/02/14 v1.3d Input encoding file
\inpenc@prehook=\toks32
\inpenc@posthook=\toks33
)
(/opt/homebrew/Cellar/texlive/20230313/share/texmf-dist/tex/latex/base/makeidx.
sty
Package: makeidx 2021/10/04 v1.0m Standard LaTeX package
)
(/opt/homebrew/Cellar/texlive/20230313/share/texmf-dist/tex/latex/base/textcomp
.sty
Package: textcomp 2020/02/02 v2.0n Standard LaTeX package
)
(/opt/homebrew/Cellar/texlive/20230313/share/texmf-dist/tex/latex/wasysym/wasys
ym.sty
Package: wasysym 2020/01/19 v2.4 Wasy-2 symbol support package
\symwasy=\mathgroup6
LaTeX Font Info:    Overwriting symbol font `wasy' in version `bold'
(Font)                  U/wasy/m/n --> U/wasy/b/n on input line 93.
)
(/opt/homebrew/Cellar/texlive/20230313/share/texmf-dist/tex/generic/iftex/ifxet
ex.sty
Package: ifxetex 2019/10/25 v0.7 ifxetex legacy package. Use iftex instead.
)
(/opt/homebrew/Cellar/texlive/20230313/share/texmf-dist/tex/latex/base/fontenc.
sty
Package: fontenc 2021/04/29 v2.0v Standard LaTeX package
)
(/opt/homebrew/Cellar/texlive/20230313/share/texmf-dist/tex/latex/psnfss/helvet
.sty
Package: helvet 2020/03/25 PSNFSS-v9.3 (WaS) 
)
(/opt/homebrew/Cellar/texlive/20230313/share/texmf-dist/tex/latex/psnfss/courie
r.sty
Package: courier 2020/03/25 PSNFSS-v9.3 (WaS) 
)
(/opt/homebrew/Cellar/texlive/20230313/share/texmf-dist/tex/latex/geometry/geom
etry.sty
Package: geometry 2020/01/02 v5.9 Page Geometry

(/opt/homebrew/Cellar/texlive/20230313/share/texmf-dist/tex/generic/iftex/ifvte
x.sty
Package: ifvtex 2019/10/25 v1.7 ifvtex legacy package. Use iftex instead.
)
\Gm@cnth=\count320
\Gm@cntv=\count321
\c@Gm@tempcnt=\count322
\Gm@bindingoffset=\dimen190
\Gm@wd@mp=\dimen191
\Gm@odd@mp=\dimen192
\Gm@even@mp=\dimen193
\Gm@layoutwidth=\dimen194
\Gm@layoutheight=\dimen195
\Gm@layouthoffset=\dimen196
\Gm@layoutvoffset=\dimen197
\Gm@dimlist=\toks34
)
(/opt/homebrew/Cellar/texlive/20230313/share/texmf-dist/tex/latex/changepage/ch
angepage.sty
Package: changepage 2009/10/20 v1.0c check page and change page layout
\c@cp@cntr=\count323
\cp@tempcnt=\count324
LaTeX Info: Redefining \checkoddpage on input line 59.
)
(/opt/homebrew/Cellar/texlive/20230313/share/texmf-dist/tex/latex/fancyhdr/fanc
yhdr.sty
Package: fancyhdr 2022/11/09 v4.1 Extensive control of page headers and footers

\f@nch@headwidth=\skip83
\f@nch@O@elh=\skip84
\f@nch@O@erh=\skip85
\f@nch@O@olh=\skip86
\f@nch@O@orh=\skip87
\f@nch@O@elf=\skip88
\f@nch@O@erf=\skip89
\f@nch@O@olf=\skip90
\f@nch@O@orf=\skip91
)
(/opt/homebrew/Cellar/texlive/20230313/share/texmf-dist/tex/latex/natbib/natbib
.sty
Package: natbib 2010/09/13 8.31b (PWD, AO)
\bibhang=\skip92
\bibsep=\skip93
LaTeX Info: Redefining \cite on input line 694.
\c@NAT@ctr=\count325
)
(/opt/homebrew/Cellar/texlive/20230313/share/texmf-dist/tex/latex/tocloft/toclo
ft.sty
Package: tocloft 2017/08/31 v2.3i parameterised ToC, etc., typesetting
Package tocloft Info: The document has chapter divisions on input line 51.
\cftparskip=\skip94
\cftbeforetoctitleskip=\skip95
\cftaftertoctitleskip=\skip96
\cftbeforepartskip=\skip97
\cftpartnumwidth=\skip98
\cftpartindent=\skip99
\cftbeforechapskip=\skip100
\cftchapindent=\skip101
\cftchapnumwidth=\skip102
\cftbeforesecskip=\skip103
\cftsecindent=\skip104
\cftsecnumwidth=\skip105
\cftbeforesubsecskip=\skip106
\cftsubsecindent=\skip107
\cftsubsecnumwidth=\skip108
\cftbeforesubsubsecskip=\skip109
\cftsubsubsecindent=\skip110
\cftsubsubsecnumwidth=\skip111
\cftbeforeparaskip=\skip112
\cftparaindent=\skip113
\cftparanumwidth=\skip114
\cftbeforesubparaskip=\skip115
\cftsubparaindent=\skip116
\cftsubparanumwidth=\skip117
\cftbeforeloftitleskip=\skip118
\cftafterloftitleskip=\skip119
\cftbeforefigskip=\skip120
\cftfigindent=\skip121
\cftfignumwidth=\skip122
\c@lofdepth=\count326
\c@lotdepth=\count327
\cftbeforelottitleskip=\skip123
\cftafterlottitleskip=\skip124
\cftbeforetabskip=\skip125
\cfttabindent=\skip126
\cfttabnumwidth=\skip127
)
\@indexfile=\write4
\openout4 = `refman.idx'.


Writing index file refman.idx

(/opt/homebrew/Cellar/texlive/20230313/share/texmf-dist/tex/latex/newunicodecha
r/newunicodechar.sty
Package: newunicodechar 2018/04/08 v1.2 Defining Unicode characters
)
(/opt/homebrew/Cellar/texlive/20230313/share/texmf-dist/tex/latex/hyperref/hype
rref.sty
Package: hyperref 2023-02-07 v7.00v Hypertext links for LaTeX

(/opt/homebrew/Cellar/texlive/20230313/share/texmf-dist/tex/generic/ltxcmds/ltx
cmds.sty
Package: ltxcmds 2020-05-10 v1.25 LaTeX kernel commands for general use (HO)
)
(/opt/homebrew/Cellar/texlive/20230313/share/texmf-dist/tex/generic/pdftexcmds/
pdftexcmds.sty
Package: pdftexcmds 2020-06-27 v0.33 Utility functions of pdfTeX for LuaTeX (HO
)
Package pdftexcmds Info: \pdf@primitive is available.
Package pdftexcmds Info: \pdf@ifprimitive is available.
Package pdftexcmds Info: \pdfdraftmode found.
)
(/opt/homebrew/Cellar/texlive/20230313/share/texmf-dist/tex/latex/kvsetkeys/kvs
etkeys.sty
Package: kvsetkeys 2022-10-05 v1.19 Key value parser (HO)
)
(/opt/homebrew/Cellar/texlive/20230313/share/texmf-dist/tex/generic/kvdefinekey
s/kvdefinekeys.sty
Package: kvdefinekeys 2019-12-19 v1.6 Define keys (HO)
)
(/opt/homebrew/Cellar/texlive/20230313/share/texmf-dist/tex/generic/pdfescape/p
dfescape.sty
Package: pdfescape 2019/12/09 v1.15 Implements pdfTeX's escape features (HO)
)
(/opt/homebrew/Cellar/texlive/20230313/share/texmf-dist/tex/latex/hycolor/hycol
or.sty
Package: hycolor 2020-01-27 v1.10 Color options for hyperref/bookmark (HO)
)
(/opt/homebrew/Cellar/texlive/20230313/share/texmf-dist/tex/latex/letltxmacro/l
etltxmacro.sty
Package: letltxmacro 2019/12/03 v1.6 Let assignment for LaTeX macros (HO)
)
(/opt/homebrew/Cellar/texlive/20230313/share/texmf-dist/tex/latex/auxhook/auxho
ok.sty
Package: auxhook 2019-12-17 v1.6 Hooks for auxiliary files (HO)
)
(/opt/homebrew/Cellar/texlive/20230313/share/texmf-dist/tex/latex/hyperref/name
ref.sty
Package: nameref 2022-05-17 v2.50 Cross-referencing by name of section

(/opt/homebrew/Cellar/texlive/20230313/share/texmf-dist/tex/latex/refcount/refc
ount.sty
Package: refcount 2019/12/15 v3.6 Data extraction from label references (HO)
)
(/opt/homebrew/Cellar/texlive/20230313/share/texmf-dist/tex/generic/gettitlestr
ing/gettitlestring.sty
Package: gettitlestring 2019/12/15 v1.6 Cleanup title references (HO)

(/opt/homebrew/Cellar/texlive/20230313/share/texmf-dist/tex/latex/kvoptions/kvo
ptions.sty
Package: kvoptions 2022-06-15 v3.15 Key value format for package options (HO)
))
\c@section@level=\count328
)
\@linkdim=\dimen198
\Hy@linkcounter=\count329
\Hy@pagecounter=\count330

(/opt/homebrew/Cellar/texlive/20230313/share/texmf-dist/tex/latex/hyperref/pd1e
nc.def
File: pd1enc.def 2023-02-07 v7.00v Hyperref: PDFDocEncoding definition (HO)
Now handling font encoding PD1 ...
... no UTF-8 mapping file for font encoding PD1
)
(/opt/homebrew/Cellar/texlive/20230313/share/texmf-dist/tex/generic/etexcmds/et
excmds.sty
Package: etexcmds 2019/12/15 v1.7 Avoid name clashes with e-TeX commands (HO)
)
\Hy@SavedSpaceFactor=\count331

(/opt/homebrew/Cellar/texlive/20230313/share/texmf-dist/tex/latex/hyperref/puen
c.def
File: puenc.def 2023-02-07 v7.00v Hyperref: PDF Unicode definition (HO)
Now handling font encoding PU ...
... no UTF-8 mapping file for font encoding PU
)
Package hyperref Info: Hyper figures OFF on input line 4177.
Package hyperref Info: Link nesting OFF on input line 4182.
Package hyperref Info: Hyper index ON on input line 4185.
Package hyperref Info: Plain pages OFF on input line 4192.
Package hyperref Info: Backreferencing ON on input line 4195.
Package hyperref Info: Implicit mode ON; LaTeX internals redefined.
Package hyperref Info: Bookmarks ON on input line 4425.

(/opt/homebrew/Cellar/texlive/20230313/share/texmf-dist/tex/latex/hyperref/back
ref.sty
Package: backref 2021/02/04 v1.41 Bibliographical back referencing

(/opt/homebrew/Cellar/texlive/20230313/share/texmf-dist/tex/latex/rerunfilechec
k/rerunfilecheck.sty
Package: rerunfilecheck 2022-07-10 v1.10 Rerun checks for auxiliary files (HO)

(/opt/homebrew/Cellar/texlive/20230313/share/texmf-dist/tex/latex/base/atveryen
d-ltx.sty
Package: atveryend-ltx 2020/08/19 v1.0a Emulation of the original atveryend pac
kage
with kernel methods
)
(/opt/homebrew/Cellar/texlive/20230313/share/texmf-dist/tex/generic/uniquecount
er/uniquecounter.sty
Package: uniquecounter 2019/12/15 v1.4 Provide unlimited unique counter (HO)

(/opt/homebrew/Cellar/texlive/20230313/share/texmf-dist/tex/generic/bigintcalc/
bigintcalc.sty
Package: bigintcalc 2019/12/15 v1.5 Expandable calculations on big integers (HO
)
))
Package uniquecounter Info: New unique counter `rerunfilecheck' on input line 2
85.
))
\c@Hy@tempcnt=\count332

(/opt/homebrew/Cellar/texlive/20230313/share/texmf-dist/tex/latex/url/url.sty
\Urlmuskip=\muskip16
Package: url 2013/09/16  ver 3.4  Verb mode for urls, etc.
)
LaTeX Info: Redefining \url on input line 4763.
\XeTeXLinkMargin=\dimen199

(/opt/homebrew/Cellar/texlive/20230313/share/texmf-dist/tex/generic/bitset/bits
et.sty
Package: bitset 2019/12/09 v1.3 Handle bit-vector datatype (HO)
)
\Fld@menulength=\count333
\Field@Width=\dimen256
\Fld@charsize=\dimen257
Package hyperref Info: Hyper figures OFF on input line 6042.
Package hyperref Info: Link nesting OFF on input line 6047.
Package hyperref Info: Hyper index ON on input line 6050.
Package hyperref Info: backreferencing ON on input line 6055.
Package hyperref Info: Link coloring OFF on input line 6062.
Package hyperref Info: Link coloring with OCG OFF on input line 6067.
Package hyperref Info: PDF/A mode OFF on input line 6072.

(/opt/homebrew/Cellar/texlive/20230313/share/texmf-dist/tex/latex/base/atbegshi
-ltx.sty
Package: atbegshi-ltx 2021/01/10 v1.0c Emulation of the original atbegshi
package with kernel methods
)
\Hy@abspage=\count334
\c@Item=\count335
\c@Hfootnote=\count336
)
Package hyperref Info: Driver: hpdftex.

(/opt/homebrew/Cellar/texlive/20230313/share/texmf-dist/tex/latex/hyperref/hpdf
tex.def
File: hpdftex.def 2023-02-07 v7.00v Hyperref driver for pdfTeX
\Fld@listcount=\count337
\c@bookmark@seq@number=\count338
\Hy@SectionHShift=\skip128
)
Package hyperref Info: Option `colorlinks' set `true' on input line 161.
Package hyperref Info: Option `unicode' set `true' on input line 161.

(/opt/homebrew/Cellar/texlive/20230313/share/texmf-dist/tex/latex/caption/capti
on.sty
Package: caption 2023/03/12 v3.6j Customizing captions (AR)

(/opt/homebrew/Cellar/texlive/20230313/share/texmf-dist/tex/latex/caption/capti
on3.sty
Package: caption3 2023/03/12 v2.4 caption3 kernel (AR)
\caption@tempdima=\dimen258
\captionmargin=\dimen259
\caption@leftmargin=\dimen260
\caption@rightmargin=\dimen261
\caption@width=\dimen262
\caption@indent=\dimen263
\caption@parindent=\dimen264
\caption@hangindent=\dimen265
Package caption Info: Standard document class detected.
)
\c@caption@flags=\count339
\c@continuedfloat=\count340
Package caption Info: changepage package is loaded.
\caption@adjustwidth@hsize=\dimen266
\caption@adjustwidth@linewidth=\dimen267
Package caption Info: float package is loaded.
Package caption Info: hyperref package is loaded.
Package caption Info: longtable package is loaded.

(/opt/homebrew/Cellar/texlive/20230313/share/texmf-dist/tex/latex/caption/ltcap
tion.sty
Package: ltcaption 2021/01/08 v1.4c longtable captions (AR)
)) (./etoc_doxygen.sty
Package: etoc_doxygen 2023/05/01 v1.2a Completely customisable TOCs (JFB)
\Etoc@toctoks=\toks35
\c@etoc@tocid=\count341
\etoc@framed@titlebox=\box120
\etoc@framed@contentsbox=\box121
)
LaTeX Font Info:    Trying to load font information for T1+phv on input line 18
3.

(/opt/homebrew/Cellar/texlive/20230313/share/texmf-dist/tex/latex/psnfss/t1phv.
fd
File: t1phv.fd 2020/03/25 scalable font definitions for T1/phv.
)
LaTeX Font Info:    Font shape `T1/phv/m/n' will be
(Font)              scaled to size 8.99994pt on input line 183.

(/opt/homebrew/Cellar/texlive/20230313/share/texmf-dist/tex/latex/l3backend/l3b
ackend-pdftex.def
File: l3backend-pdftex.def 2023-01-16 L3 backend support: PDF output (pdfTeX)
\l__color_backend_stack_int=\count342
\l__pdf_internal_box=\box122
)
No file refman.aux.
\openout1 = `refman.aux'.

LaTeX Font Info:    Checking defaults for OML/cmm/m/it on input line 183.
LaTeX Font Info:    ... okay on input line 183.
LaTeX Font Info:    Checking defaults for OMS/cmsy/m/n on input line 183.
LaTeX Font Info:    ... okay on input line 183.
LaTeX Font Info:    Checking defaults for OT1/cmr/m/n on input line 183.
LaTeX Font Info:    ... okay on input line 183.
LaTeX Font Info:    Checking defaults for T1/cmr/m/n on input line 183.
LaTeX Font Info:    ... okay on input line 183.
LaTeX Font Info:    Checking defaults for TS1/cmr/m/n on input line 183.
LaTeX Font Info:    ... okay on input line 183.
LaTeX Font Info:    Checking defaults for OMX/cmex/m/n on input line 183.
LaTeX Font Info:    ... okay on input line 183.
LaTeX Font Info:    Checking defaults for U/cmr/m/n on input line 183.
LaTeX Font Info:    ... okay on input line 183.
LaTeX Font Info:    Checking defaults for PD1/pdf/m/n on input line 183.
LaTeX Font Info:    ... okay on input line 183.
LaTeX Font Info:    Checking defaults for PU/pdf/m/n on input line 183.
LaTeX Font Info:    ... okay on input line 183.

(/opt/homebrew/Cellar/texlive/20230313/share/texmf-dist/tex/context/base/mkii/s
upp-pdf.mkii
[Loading MPS to PDF converter (version 2006.09.02).]
\scratchcounter=\count343
\scratchdimen=\dimen268
\scratchbox=\box123
\nofMPsegments=\count344
\nofMParguments=\count345
\everyMPshowfont=\toks36
\MPscratchCnt=\count346
\MPscratchDim=\dimen269
\MPnumerator=\count347
\makeMPintoPDFobject=\count348
\everyMPtoPDFconversion=\toks37
)
(/opt/homebrew/Cellar/texlive/20230313/share/texmf-dist/tex/latex/epstopdf-pkg/
epstopdf-base.sty
Package: epstopdf-base 2020-01-24 v2.11 Base part for package epstopdf
Package epstopdf-base Info: Redefining graphics rule for `.eps' on input line 4
85.

(/opt/homebrew/Cellar/texlive/20230313/share/texmf-dist/tex/latex/latexconfig/e
pstopdf-sys.cfg
File: epstopdf-sys.cfg 2010/07/13 v1.3 Configuration of (r)epstopdf for TeX Liv
e
))
*geometry* driver: auto-detecting
*geometry* detected driver: pdftex
*geometry* verbose mode - [ preamble ] result:
* driver: pdftex
* paper: a4paper
* layout: <same size as paper>
* layoutoffset:(h,v)=(0.0pt,0.0pt)
* modes: twoside 
* h-part:(L,W,R)=(71.13188pt, 455.24411pt, 71.13188pt)
* v-part:(T,H,B)=(71.13188pt, 702.78308pt, 71.13188pt)
* \paperwidth=597.50787pt
* \paperheight=845.04684pt
* \textwidth=455.24411pt
* \textheight=702.78308pt
* \oddsidemargin=-1.1381pt
* \evensidemargin=-1.1381pt
* \topmargin=-31.2056pt
* \headheight=12.0pt
* \headsep=18.06749pt
* \topskip=10.0pt
* \footskip=25.29494pt
* \marginparwidth=125.0pt
* \marginparsep=7.0pt
* \columnsep=10.0pt
* \skip\footins=9.0pt plus 4.0pt minus 2.0pt
* \hoffset=0.0pt
* \voffset=0.0pt
* \mag=1000
* \@twocolumnfalse
* \@twosidetrue
* \@mparswitchtrue
* \@reversemarginfalse
* (1in=72.27pt=25.4mm, 1cm=28.453pt)

Package backref Info: ** backref set up for natbib ** on input line 183.
Package hyperref Info: Link coloring ON on input line 183.
\@outlinefile=\write5
\openout5 = `refman.out'.

Package caption Info: Begin \AtBeginDocument code.
Package caption Info: End \AtBeginDocument code.
No file refman.toc.
Package hyperref Info: Option `pageanchor' set `false' on input line 191.
Package hyperref Info: Option `bookmarksnumbered' set `true' on input line 191.

Package hyperref Info: Option `unicode' set `true' on input line 191.
LaTeX Font Info:    Font shape `T1/phv/m/n' will be
(Font)              scaled to size 12.9599pt on input line 196.
LaTeX Font Info:    Font shape `T1/phv/m/n' will be
(Font)              scaled to size 10.79993pt on input line 198.
[1


{/opt/homebrew/Cellar/texlive/20230313/share/texmf-dist/fonts/map/pdftex/updmap
/pdftex.map}{/opt/homebrew/Cellar/texlive/20230313/share/texmf-dist/fonts/enc/d
vips/base/8r.enc}] [2

]
\tf@toc=\write6
\openout6 = `refman.toc'.

Package hyperref Info: Option `pageanchor' set `true' on input line 207.
 (./md__r_e_a_d_m_e.tex
Chapter 1.
LaTeX Font Info:    Font shape `T1/phv/m/n' will be
(Font)              scaled to size 18.66588pt on input line 1.
LaTeX Font Info:    Font shape `T1/phv/b/n' will be
(Font)              scaled to size 18.66588pt on input line 1.
LaTeX Font Info:    Font shape `T1/phv/b/n' will be
(Font)              scaled to size 22.39185pt on input line 1.
LaTeX Font Info:    Font shape `T1/phv/m/n' will be
(Font)              scaled to size 6.29996pt on input line 5.
LaTeX Font Info:    Trying to load font information for U+msa on input line 5.

(/opt/homebrew/Cellar/texlive/20230313/share/texmf-dist/tex/latex/amsfonts/umsa
.fd
File: umsa.fd 2013/01/14 v3.01 AMS symbols A
)
LaTeX Font Info:    Trying to load font information for U+msb on input line 5.

(/opt/homebrew/Cellar/texlive/20230313/share/texmf-dist/tex/latex/amsfonts/umsb
.fd
File: umsb.fd 2013/01/14 v3.01 AMS symbols B
)
LaTeX Font Info:    Trying to load font information for U+wasy on input line 5.


(/opt/homebrew/Cellar/texlive/20230313/share/texmf-dist/tex/latex/wasysym/uwasy
.fd
File: uwasy.fd 2020/01/19 v2.4 Wasy-2 symbol font definitions
))
LaTeX Font Info:    Font shape `T1/phv/b/n' will be
(Font)              scaled to size 8.99994pt on input line 210.
LaTeX Font Info:    Font shape `T1/phv/b/n' will be
(Font)              scaled to size 6.29996pt on input line 210.
 [1


] [2

]
Chapter 2.
(./annotated.tex
LaTeX Font Info:    Font shape `T1/phv/b/n' will be
(Font)              scaled to size 12.9599pt on input line 1.


LaTeX Warning: Reference `class_h_o_g_descriptor' on page 3 undefined on input 
line 3.


LaTeX Warning: Reference `class_h_o_g_plots' on page 3 undefined on input line 
4.

) [3] [4

]
Chapter 3.
(./files.tex

LaTeX Warning: Reference `_c_make_c_x_x_compiler_id_8cpp' on page 5 undefined o
n input line 3.


LaTeX Warning: Reference `main_8cpp_8o_8d' on page 5 undefined on input line 4.



LaTeX Warning: Reference `hogdescriptor_8cpp_8o_8d' on page 5 undefined on inpu
t line 5.


LaTeX Warning: Reference `texvisualization_8cpp_8o_8d' on page 5 undefined on i
nput line 6.


LaTeX Warning: Reference `hogtest_8cpp_8o_8d' on page 5 undefined on input line
 7.


LaTeX Warning: Reference `main_8cpp' on page 5 undefined on input line 8.


LaTeX Warning: Reference `hogdescriptor_8cpp' on page 5 undefined on input line
 9.


LaTeX Warning: Reference `hogdescriptor_8hpp' on page 5 undefined on input line
 10.


LaTeX Warning: Reference `texvisualization_8cpp' on page 5 undefined on input l
ine 11.


LaTeX Warning: Reference `texvisualization_8hpp' on page 5 undefined on input l
ine 12.


LaTeX Warning: Reference `hogtest_8cpp' on page 5 undefined on input line 13.

) [5] [6

]
Chapter 4.
(./class_h_o_g_descriptor.tex
LaTeX Font Info:    Trying to load font information for T1+pcr on input line 10
.

(/opt/homebrew/Cellar/texlive/20230313/share/texmf-dist/tex/latex/psnfss/t1pcr.
fd
File: t1pcr.fd 2001/06/04 font definitions for T1/pcr.
)
LaTeX Font Info:    Trying to load font information for TS1+phv on input line 1
5.

(/opt/homebrew/Cellar/texlive/20230313/share/texmf-dist/tex/latex/psnfss/ts1phv
.fd
File: ts1phv.fd 2020/03/25 scalable font definitions for TS1/phv.
)
LaTeX Font Info:    Font shape `TS1/phv/m/n' will be
(Font)              scaled to size 8.99994pt on input line 15.
LaTeX Font Info:    Font shape `T1/phv/m/n' will be
(Font)              scaled to size 8.09995pt on input line 16.
LaTeX Font Info:    Font shape `T1/phv/m/it' in size <9> not available
(Font)              Font shape `T1/phv/m/sl' tried instead on input line 16.
LaTeX Font Info:    Font shape `T1/phv/m/sl' will be
(Font)              scaled to size 8.09995pt on input line 16.
LaTeX Font Info:    Font shape `T1/phv/m/it' in size <7> not available
(Font)              Font shape `T1/phv/m/sl' tried instead on input line 26.
LaTeX Font Info:    Font shape `T1/phv/m/sl' will be
(Font)              scaled to size 6.29996pt on input line 26.
 [7]
LaTeX Font Info:    Font shape `T1/phv/b/n' will be
(Font)              scaled to size 10.79993pt on input line 80.
LaTeX Font Info:    Font shape `T1/phv/b/n' will be
(Font)              scaled to size 7.19995pt on input line 87.
LaTeX Font Info:    Font shape `T1/phv/m/n' will be
(Font)              scaled to size 7.19995pt on input line 88.
LaTeX Font Info:    Font shape `T1/pcr/m/it' in size <8> not available
(Font)              Font shape `T1/pcr/m/sl' tried instead on input line 98.
LaTeX Font Info:    Font shape `T1/pcr/m/it' in size <7> not available
(Font)              Font shape `T1/pcr/m/sl' tried instead on input line 98.
 [8]

Package longtable Warning: Column widths have changed
(longtable)                in table 4.1 on input line 116.

 <./class_h_o_g_descriptor_aefe5eefa01f8d055f6d9721b7f5b54f1_cgraph.pdf>
<class_h_o_g_descriptor_aefe5eefa01f8d055f6d9721b7f5b54f1_cgraph.pdf, id=158, 3
76.40625pt x 99.37125pt>
File: class_h_o_g_descriptor_aefe5eefa01f8d055f6d9721b7f5b54f1_cgraph.pdf Graph
ic file (type pdf)
<use class_h_o_g_descriptor_aefe5eefa01f8d055f6d9721b7f5b54f1_cgraph.pdf>
Package pdftex.def Info: class_h_o_g_descriptor_aefe5eefa01f8d055f6d9721b7f5b54
f1_cgraph.pdf  used on input line 122.
(pdftex.def)             Requested size: 350.0pt x 92.40671pt.
 <./class_h_o_g_descriptor_a23fed7ae98c9aa771ab33fcba58a720d_cgraph.pdf>
<class_h_o_g_descriptor_a23fed7ae98c9aa771ab33fcba58a720d_cgraph.pdf, id=167, 3
76.40625pt x 99.37125pt>
File: class_h_o_g_descriptor_a23fed7ae98c9aa771ab33fcba58a720d_cgraph.pdf Graph
ic file (type pdf)
<use class_h_o_g_descriptor_a23fed7ae98c9aa771ab33fcba58a720d_cgraph.pdf>
Package pdftex.def Info: class_h_o_g_descriptor_a23fed7ae98c9aa771ab33fcba58a72
0d_cgraph.pdf  used on input line 136.
(pdftex.def)             Requested size: 350.0pt x 92.40671pt.

Underfull \hbox (badness 10000) in paragraph at lines 156--157
|  \T1/pcr/m/n/8 const std[]::vector$\OML/cmm/m/it/8 <$ \T1/pcr/m/n/8 std[]::ve
ctor$\OML/cmm/m/it/8 <$ \T1/pcr/m/n/8 std[]::vector$\OML/cmm/m/it/8 <$ \T1/pcr/
m/n/8 float $\OML/cmm/m/it/8 >$ $>$ $>$ \T1/pcr/m/n/8 & \T1/pcr/m/sl/8 cell[]_[
]histograms \T1/pcr/m/n/8 )
 []

[9]

Package longtable Warning: Column widths have changed
(longtable)                in table 4.2 on input line 166.


Underfull \hbox (badness 10000) detected at line 167
[][][]
 []

 <./class_h_o_g_descriptor_af66de1d67f450cf773bb59017de97de2_cgraph.pdf>
<class_h_o_g_descriptor_af66de1d67f450cf773bb59017de97de2_cgraph.pdf, id=191, 3
77.41pt x 111.41624pt>
File: class_h_o_g_descriptor_af66de1d67f450cf773bb59017de97de2_cgraph.pdf Graph
ic file (type pdf)
<use class_h_o_g_descriptor_af66de1d67f450cf773bb59017de97de2_cgraph.pdf>
Package pdftex.def Info: class_h_o_g_descriptor_af66de1d67f450cf773bb59017de97d
e2_cgraph.pdf  used on input line 175.
(pdftex.def)             Requested size: 350.0pt x 103.32361pt.
 <./class_h_o_g_descriptor_af66de1d67f450cf773bb59017de97de2_icgraph.pdf>
<class_h_o_g_descriptor_af66de1d67f450cf773bb59017de97de2_icgraph.pdf, id=199, 
506.89375pt x 136.51pt>
File: class_h_o_g_descriptor_af66de1d67f450cf773bb59017de97de2_icgraph.pdf Grap
hic file (type pdf)
<use class_h_o_g_descriptor_af66de1d67f450cf773bb59017de97de2_icgraph.pdf>
Package pdftex.def Info: class_h_o_g_descriptor_af66de1d67f450cf773bb59017de97d
e2_icgraph.pdf  used on input line 183.
(pdftex.def)             Requested size: 350.0pt x 94.25865pt.
 [10]

Package longtable Warning: Column widths have changed
(longtable)                in table 4.3 on input line 202.

 <./class_h_o_g_descriptor_aa0f30146937363e1ddb619ebec5c8068_icgraph.pdf>
<class_h_o_g_descriptor_aa0f30146937363e1ddb619ebec5c8068_icgraph.pdf, id=219, 
708.6475pt x 145.54375pt>
File: class_h_o_g_descriptor_aa0f30146937363e1ddb619ebec5c8068_icgraph.pdf Grap
hic file (type pdf)
<use class_h_o_g_descriptor_aa0f30146937363e1ddb619ebec5c8068_icgraph.pdf>
Package pdftex.def Info: class_h_o_g_descriptor_aa0f30146937363e1ddb619ebec5c80
68_icgraph.pdf  used on input line 208.
(pdftex.def)             Requested size: 350.0pt x 71.88557pt.


Package longtable Warning: Column widths have changed
(longtable)                in table 4.4 on input line 229.


Underfull \hbox (badness 10000) detected at line 230
[][][]
 []

 <./class_h_o_g_descriptor_ac3ffd99ecb62f8c72c908745715151b8_cgraph.pdf>
<class_h_o_g_descriptor_ac3ffd99ecb62f8c72c908745715151b8_cgraph.pdf, id=227, 4
11.5375pt x 111.41624pt>
File: class_h_o_g_descriptor_ac3ffd99ecb62f8c72c908745715151b8_cgraph.pdf Graph
ic file (type pdf)
<use class_h_o_g_descriptor_ac3ffd99ecb62f8c72c908745715151b8_cgraph.pdf>
Package pdftex.def Info: class_h_o_g_descriptor_ac3ffd99ecb62f8c72c908745715151
b8_cgraph.pdf  used on input line 238.
(pdftex.def)             Requested size: 350.0pt x 94.75694pt.
 <./class_h_o_g_descriptor_ac3ffd99ecb62f8c72c908745715151b8_icgraph.pdf>
<class_h_o_g_descriptor_ac3ffd99ecb62f8c72c908745715151b8_icgraph.pdf, id=235, 
521.95pt x 136.51pt>
File: class_h_o_g_descriptor_ac3ffd99ecb62f8c72c908745715151b8_icgraph.pdf Grap
hic file (type pdf)
<use class_h_o_g_descriptor_ac3ffd99ecb62f8c72c908745715151b8_icgraph.pdf>
Package pdftex.def Info: class_h_o_g_descriptor_ac3ffd99ecb62f8c72c908745715151
b8_icgraph.pdf  used on input line 246.
(pdftex.def)             Requested size: 350.0pt x 91.54036pt.
 [11]

Package longtable Warning: Column widths have changed
(longtable)                in table 4.5 on input line 263.

 <./class_h_o_g_descriptor_a941031c7fa95e2194f332d04aa0de562_icgraph.pdf>
<class_h_o_g_descriptor_a941031c7fa95e2194f332d04aa0de562_icgraph.pdf, id=254, 
542.025pt x 136.51pt>
File: class_h_o_g_descriptor_a941031c7fa95e2194f332d04aa0de562_icgraph.pdf Grap
hic file (type pdf)
<use class_h_o_g_descriptor_a941031c7fa95e2194f332d04aa0de562_icgraph.pdf>
Package pdftex.def Info: class_h_o_g_descriptor_a941031c7fa95e2194f332d04aa0de5
62_icgraph.pdf  used on input line 269.
(pdftex.def)             Requested size: 350.0pt x 88.15137pt.


Package longtable Warning: Column widths have changed
(longtable)                in table 4.6 on input line 286.


Underfull \hbox (badness 10000) detected at line 287
[][][]
 []

 <./class_h_o_g_descriptor_a47f0882346c2ad1f693ee98a517cb6d4_cgraph.pdf>
<class_h_o_g_descriptor_a47f0882346c2ad1f693ee98a517cb6d4_cgraph.pdf, id=262, 6
17.30624pt x 209.78375pt>
File: class_h_o_g_descriptor_a47f0882346c2ad1f693ee98a517cb6d4_cgraph.pdf Graph
ic file (type pdf)
<use class_h_o_g_descriptor_a47f0882346c2ad1f693ee98a517cb6d4_cgraph.pdf>
Package pdftex.def Info: class_h_o_g_descriptor_a47f0882346c2ad1f693ee98a517cb6
d4_cgraph.pdf  used on input line 295.
(pdftex.def)             Requested size: 350.0pt x 118.94736pt.

[12] <./class_h_o_g_descriptor_a47f0882346c2ad1f693ee98a517cb6d4_icgraph.pdf>
<class_h_o_g_descriptor_a47f0882346c2ad1f693ee98a517cb6d4_icgraph.pdf, id=281, 
341.275pt x 136.51pt>
File: class_h_o_g_descriptor_a47f0882346c2ad1f693ee98a517cb6d4_icgraph.pdf Grap
hic file (type pdf)
<use class_h_o_g_descriptor_a47f0882346c2ad1f693ee98a517cb6d4_icgraph.pdf>
Package pdftex.def Info: class_h_o_g_descriptor_a47f0882346c2ad1f693ee98a517cb6
d4_icgraph.pdf  used on input line 303.
(pdftex.def)             Requested size: 340.0pt x 136.00766pt.

Underfull \hbox (badness 10000) detected at line 316
[][][]
 []

 <./class_h_o_g_descriptor_ad09ae14f8b447abdee23bbe810a98313_icgraph.pdf>
<class_h_o_g_descriptor_ad09ae14f8b447abdee23bbe810a98313_icgraph.pdf, id=289, 
325.215pt x 99.37125pt>
File: class_h_o_g_descriptor_ad09ae14f8b447abdee23bbe810a98313_icgraph.pdf Grap
hic file (type pdf)
<use class_h_o_g_descriptor_ad09ae14f8b447abdee23bbe810a98313_icgraph.pdf>
Package pdftex.def Info: class_h_o_g_descriptor_ad09ae14f8b447abdee23bbe810a983
13_icgraph.pdf  used on input line 324.
(pdftex.def)             Requested size: 324.0pt x 99.00708pt.

[13]
Underfull \hbox (badness 10000) detected at line 337
[][][]
 []

 <./class_h_o_g_descriptor_a322b311fee196a3372819edc2b5cafd8_icgraph.pdf>
<class_h_o_g_descriptor_a322b311fee196a3372819edc2b5cafd8_icgraph.pdf, id=307, 
350.30875pt x 136.51pt>
File: class_h_o_g_descriptor_a322b311fee196a3372819edc2b5cafd8_icgraph.pdf Grap
hic file (type pdf)
<use class_h_o_g_descriptor_a322b311fee196a3372819edc2b5cafd8_icgraph.pdf>
Package pdftex.def Info: class_h_o_g_descriptor_a322b311fee196a3372819edc2b5caf
d8_icgraph.pdf  used on input line 345.
(pdftex.def)             Requested size: 349.0pt x 136.00974pt.


Package longtable Warning: Column widths have changed
(longtable)                in table 4.7 on input line 364.

 <./class_h_o_g_descriptor_a7d7ba6487f9d68d5cc394c58d016f76a_cgraph.pdf>
<class_h_o_g_descriptor_a7d7ba6487f9d68d5cc394c58d016f76a_cgraph.pdf, id=316, 3
94.47375pt x 99.37125pt>
File: class_h_o_g_descriptor_a7d7ba6487f9d68d5cc394c58d016f76a_cgraph.pdf Graph
ic file (type pdf)
<use class_h_o_g_descriptor_a7d7ba6487f9d68d5cc394c58d016f76a_cgraph.pdf>
Package pdftex.def Info: class_h_o_g_descriptor_a7d7ba6487f9d68d5cc394c58d016f7
6a_cgraph.pdf  used on input line 370.
(pdftex.def)             Requested size: 350.0pt x 88.16872pt.
 <./class_h_o_g_descriptor_a7d7ba6487f9d68d5cc394c58d016f76a_icgraph.pdf>
<class_h_o_g_descriptor_a7d7ba6487f9d68d5cc394c58d016f76a_icgraph.pdf, id=324, 
282.05376pt x 99.37125pt>
File: class_h_o_g_descriptor_a7d7ba6487f9d68d5cc394c58d016f76a_icgraph.pdf Grap
hic file (type pdf)
<use class_h_o_g_descriptor_a7d7ba6487f9d68d5cc394c58d016f76a_icgraph.pdf>
Package pdftex.def Info: class_h_o_g_descriptor_a7d7ba6487f9d68d5cc394c58d016f7
6a_icgraph.pdf  used on input line 378.
(pdftex.def)             Requested size: 281.0pt x 99.00708pt.
 [14]

Package longtable Warning: Column widths have changed
(longtable)                in table 4.8 on input line 395.

 <./class_h_o_g_descriptor_a5d80481a2878b52c03a8ded165ddfe52_icgraph.pdf>
<class_h_o_g_descriptor_a5d80481a2878b52c03a8ded165ddfe52_icgraph.pdf, id=342, 
674.52pt x 136.51pt>
File: class_h_o_g_descriptor_a5d80481a2878b52c03a8ded165ddfe52_icgraph.pdf Grap
hic file (type pdf)
<use class_h_o_g_descriptor_a5d80481a2878b52c03a8ded165ddfe52_icgraph.pdf>
Package pdftex.def Info: class_h_o_g_descriptor_a5d80481a2878b52c03a8ded165ddfe
52_icgraph.pdf  used on input line 401.
(pdftex.def)             Requested size: 350.0pt x 70.83354pt.


Package longtable Warning: Column widths have changed
(longtable)                in table 4.9 on input line 418.


Underfull \hbox (badness 10000) detected at line 419
[][][]
 []

[15] [16]) (./class_h_o_g_plots.tex [17]

Package longtable Warning: Column widths have changed
(longtable)                in table 4.10 on input line 56.

 <./class_h_o_g_plots_a6810288024bb8878252d4115fd265bef_icgraph.pdf>
<class_h_o_g_plots_a6810288024bb8878252d4115fd265bef_icgraph.pdf, id=399, 298.1
1375pt x 99.37125pt>
File: class_h_o_g_plots_a6810288024bb8878252d4115fd265bef_icgraph.pdf Graphic f
ile (type pdf)
<use class_h_o_g_plots_a6810288024bb8878252d4115fd265bef_icgraph.pdf>
Package pdftex.def Info: class_h_o_g_plots_a6810288024bb8878252d4115fd265bef_ic
graph.pdf  used on input line 62.
(pdftex.def)             Requested size: 297.0pt x 99.00557pt.
 [18]

Package longtable Warning: Column widths have changed
(longtable)                in table 4.11 on input line 81.

) [19] [20

]
Chapter 5.
(./_c_make_c_x_x_compiler_id_8cpp.tex [21] [22]) (./main_8cpp_8o_8d.tex)
(./hogdescriptor_8cpp_8o_8d.tex) (./texvisualization_8cpp_8o_8d.tex)
(./hogtest_8cpp_8o_8d.tex) (./_r_e_a_d_m_e_8md.tex) (./main_8cpp.tex [23] <./ma
in_8cpp__incl.pdf>
<main_8cpp__incl.pdf, id=504, 854.19125pt x 210.7875pt>
File: main_8cpp__incl.pdf Graphic file (type pdf)
<use main_8cpp__incl.pdf>
Package pdftex.def Info: main_8cpp__incl.pdf  used on input line 18.
(pdftex.def)             Requested size: 350.0pt x 86.36874pt.

Underfull \hbox (badness 10000) detected at line 31
[][][]
 []


Underfull \hbox (badness 10000) detected at line 34
[][][]
 []

[24]
Underfull \hbox (badness 10000) detected at line 37
[][][]
 []


Underfull \hbox (badness 10000) detected at line 40
[][][]
 []

 <./main_8cpp_a0ddf1224851353fc92bfbff6f499fa97_cgraph.pdf>
<main_8cpp_a0ddf1224851353fc92bfbff6f499fa97_cgraph.pdf, id=532, 711.65875pt x 
268.00125pt>
File: main_8cpp_a0ddf1224851353fc92bfbff6f499fa97_cgraph.pdf Graphic file (type
 pdf)
<use main_8cpp_a0ddf1224851353fc92bfbff6f499fa97_cgraph.pdf>
Package pdftex.def Info: main_8cpp_a0ddf1224851353fc92bfbff6f499fa97_cgraph.pdf
  used on input line 57.
(pdftex.def)             Requested size: 350.0pt x 131.80429pt.
)
(./hogdescriptor_8cpp.tex <./hogdescriptor_8cpp__incl.pdf>
<hogdescriptor_8cpp__incl.pdf, id=540, 672.5125pt x 221.82875pt>
File: hogdescriptor_8cpp__incl.pdf Graphic file (type pdf)
<use hogdescriptor_8cpp__incl.pdf>
Package pdftex.def Info: hogdescriptor_8cpp__incl.pdf  used on input line 10.
(pdftex.def)             Requested size: 350.0pt x 115.44637pt.
 [25] <./hogdescriptor_8cpp_a61bedcf542de1d2d9ed317d2a37d2be2_icgraph.pdf>
<hogdescriptor_8cpp_a61bedcf542de1d2d9ed317d2a37d2be2_icgraph.pdf, id=560, 376.
40625pt x 136.51pt>
File: hogdescriptor_8cpp_a61bedcf542de1d2d9ed317d2a37d2be2_icgraph.pdf Graphic 
file (type pdf)
<use hogdescriptor_8cpp_a61bedcf542de1d2d9ed317d2a37d2be2_icgraph.pdf>
Package pdftex.def Info: hogdescriptor_8cpp_a61bedcf542de1d2d9ed317d2a37d2be2_i
cgraph.pdf  used on input line 32.
(pdftex.def)             Requested size: 350.0pt x 126.94257pt.
)
(./hogdescriptor_8hpp.tex <./hogdescriptor_8hpp__incl.pdf>
<hogdescriptor_8hpp__incl.pdf, id=568, 671.50874pt x 177.66376pt>
File: hogdescriptor_8hpp__incl.pdf Graphic file (type pdf)
<use hogdescriptor_8hpp__incl.pdf>
Package pdftex.def Info: hogdescriptor_8hpp__incl.pdf  used on input line 16.
(pdftex.def)             Requested size: 350.0pt x 92.59984pt.
 <./hogdescriptor_8hpp__dep__incl.pdf>
<hogdescriptor_8hpp__dep__incl.pdf, id=576, 441.65pt x 188.705pt>
File: hogdescriptor_8hpp__dep__incl.pdf Graphic file (type pdf)
<use hogdescriptor_8hpp__dep__incl.pdf>
Package pdftex.def Info: hogdescriptor_8hpp__dep__incl.pdf  used on input line 
24.
(pdftex.def)             Requested size: 350.0pt x 149.55328pt.
 [26]) (./hogdescriptor_8hpp_source.tex [27])
(./texvisualization_8hpp.tex <./texvisualization_8hpp__incl.pdf>
<texvisualization_8hpp__incl.pdf, id=637, 443.6575pt x 177.66376pt>
File: texvisualization_8hpp__incl.pdf Graphic file (type pdf)
<use texvisualization_8hpp__incl.pdf>
Package pdftex.def Info: texvisualization_8hpp__incl.pdf  used on input line 13
.
(pdftex.def)             Requested size: 350.0pt x 140.15764pt.
 <./texvisualization_8hpp__dep__incl.pdf>
<texvisualization_8hpp__dep__incl.pdf, id=645, 323.2075pt x 188.705pt>
File: texvisualization_8hpp__dep__incl.pdf Graphic file (type pdf)
<use texvisualization_8hpp__dep__incl.pdf>
Package pdftex.def Info: texvisualization_8hpp__dep__incl.pdf  used on input li
ne 21.
(pdftex.def)             Requested size: 322.0pt x 188.01059pt.
 [28]) (./texvisualization_8hpp_source.tex)
(./texvisualization_8cpp.tex <./texvisualization_8cpp__incl.pdf>
<texvisualization_8cpp__incl.pdf, id=667, 507.8975pt x 221.82875pt>
File: texvisualization_8cpp__incl.pdf Graphic file (type pdf)
<use texvisualization_8cpp__incl.pdf>
Package pdftex.def Info: texvisualization_8cpp__incl.pdf  used on input line 14
.
(pdftex.def)             Requested size: 350.0pt x 152.86905pt.
)
(./hogtest_8cpp.tex [29] <./hogtest_8cpp__incl.pdf>
<hogtest_8cpp__incl.pdf, id=694, 671.50874pt x 210.7875pt>
File: hogtest_8cpp__incl.pdf Graphic file (type pdf)
<use hogtest_8cpp__incl.pdf>
Package pdftex.def Info: hogtest_8cpp__incl.pdf  used on input line 15.
(pdftex.def)             Requested size: 350.0pt x 109.86421pt.

Underfull \hbox (badness 10000) detected at line 33
[][][]
 []


Underfull \hbox (badness 10000) detected at line 36
[][][]
 []

[30]
Underfull \hbox (badness 10000) detected at line 39
[][][]
 []


Underfull \hbox (badness 10000) detected at line 42
[][][]
 []

 <./hogtest_8cpp_ad0c472e080d969f24b74486c4b30068d_cgraph.pdf>
<hogtest_8cpp_ad0c472e080d969f24b74486c4b30068d_cgraph.pdf, id=719, 736.7525pt 
x 209.78375pt>
File: hogtest_8cpp_ad0c472e080d969f24b74486c4b30068d_cgraph.pdf Graphic file (t
ype pdf)
<use hogtest_8cpp_ad0c472e080d969f24b74486c4b30068d_cgraph.pdf>
Package pdftex.def Info: hogtest_8cpp_ad0c472e080d969f24b74486c4b30068d_cgraph.
pdf  used on input line 68.
(pdftex.def)             Requested size: 350.0pt x 99.6579pt.
) [31] [32

]
No file refman.ind.

Package longtable Warning: Table widths have changed. Rerun LaTeX.

(./refman.aux)

LaTeX Warning: There were undefined references.


LaTeX Warning: Label(s) may have changed. Rerun to get cross-references right.


Package rerunfilecheck Warning: File `refman.out' has changed.
(rerunfilecheck)                Rerun to get outlines right
(rerunfilecheck)                or use package `bookmark'.

Package rerunfilecheck Info: Checksums for `refman.out':
(rerunfilecheck)             Before: <no file>
(rerunfilecheck)             After:  1457C62958631E1A84D856B927BFD490;19804.
 ) 
Here is how much of TeX's memory you used:
 18566 strings out of 476025
 320848 string characters out of 5780034
 1872388 words of memory out of 5000000
 38416 multiletter control sequences out of 15000+600000
 567149 words of font info for 101 fonts, out of 8000000 for 9000
 1141 hyphenation exceptions out of 8191
 101i,16n,117p,699b,741s stack positions out of 10000i,1000n,20000p,200000b,200000s
</opt/homebrew/Cellar/texlive/20230313/share/texmf-dist/fonts/type1/public/am
sfonts/cm/cmmi10.pfb></opt/homebrew/Cellar/texlive/20230313/share/texmf-dist/fo
nts/type1/public/amsfonts/cm/cmmi7.pfb></opt/homebrew/Cellar/texlive/20230313/s
hare/texmf-dist/fonts/type1/public/amsfonts/cm/cmmi8.pfb></opt/homebrew/Cellar/
texlive/20230313/share/texmf-dist/fonts/type1/public/amsfonts/cm/cmsy10.pfb></o
pt/homebrew/Cellar/texlive/20230313/share/texmf-dist/fonts/type1/public/amsfont
s/cm/cmsy7.pfb></opt/homebrew/Cellar/texlive/20230313/share/texmf-dist/fonts/ty
pe1/public/amsfonts/cm/cmsy8.pfb></opt/homebrew/Cellar/texlive/20230313/share/t
exmf-dist/fonts/type1/urw/courier/ucrb8a.pfb></opt/homebrew/Cellar/texlive/2023
0313/share/texmf-dist/fonts/type1/urw/courier/ucrr8a.pfb></opt/homebrew/Cellar/
texlive/20230313/share/texmf-dist/fonts/type1/urw/courier/ucrro8a.pfb></opt/hom
ebrew/Cellar/texlive/20230313/share/texmf-dist/fonts/type1/urw/helvetic/uhvb8a.
pfb></opt/homebrew/Cellar/texlive/20230313/share/texmf-dist/fonts/type1/urw/hel
vetic/uhvb8ac.pfb></opt/homebrew/Cellar/texlive/20230313/share/texmf-dist/fonts
/type1/urw/helvetic/uhvr8a.pfb></opt/homebrew/Cellar/texlive/20230313/share/tex
mf-dist/fonts/type1/urw/helvetic/uhvro8a.pfb>
Output written on refman.pdf (34 pages, 417986 bytes).
PDF statistics:
 850 PDF objects out of 1000 (max. 8388607)
 692 compressed objects within 7 object streams
 241 named destinations out of 1000 (max. 500000)
 136 words of extra memory for PDF output out of 10000 (max. 10000000)

